<?xml version="1.0" encoding="UTF-8"?>
<!-- Generated by org.testng.reporters.JUnitXMLReporter -->
<testsuite ignored="5" hostname="DESKTOP-373P18S" failures="0" tests="0" time="0.022" errors="0" timestamp="2025-04-09T08:16:54 IST">
  <testcase classname="testscripts.LoginTest" name="verifyUserCanLoginWithValidCredentials" time="0.0">
    <ignored/>
  </testcase> <!-- verifyUserCanLoginWithValidCredentials -->
  <testcase classname="testscripts.LoginTest" name="verifyUserCanLoginWithEmptyCredentials" time="0.0">
    <ignored/>
  </testcase> <!-- verifyUserCanLoginWithEmptyCredentials -->
  <testcase classname="testscripts.LoginTest" name="verifyUserCanLoginWithInValidCredentials" time="0.0">
    <ignored/>
  </testcase> <!-- verifyUserCanLoginWithInValidCredentials -->
  <testcase classname="testscripts.HomeTest" name="verifyuserisabletologout" time="0.0">
    <ignored/>
  </testcase> <!-- verifyuserisabletologout -->
  <testcase classname="testscripts.LoginTest" name="verifyWetherUserCanLoginwithInValidalidUsernameandInvalidpasswordCredentials1" time="0.0">
    <ignored/>
  </testcase> <!-- verifyWetherUserCanLoginwithInValidalidUsernameandInvalidpasswordCredentials1 -->
</testsuite>
