<?xml version="1.0" encoding="UTF-8"?>
<!-- Generated by org.testng.reporters.JUnitXMLReporter -->
<testsuite ignored="0" hostname="DESKTOP-373P18S" failures="2" tests="2" name="Test" time="13.976" errors="0" timestamp="2025-04-10T09:47:11 IST">
  <testcase classname="testscripts.ManageNewsTest" name="addManageNewsNewCategory" time="2.132">
    <failure type="java.lang.NullPointerException" message="Cannot invoke &amp;quot;pages.ManageNewsPage.clickonManageNews()&amp;quot; because &amp;quot;this.manageNewsPage&amp;quot; is null">
      <![CDATA[java.lang.NullPointerException: Cannot invoke "pages.ManageNewsPage.clickonManageNews()" because "this.manageNewsPage" is null
at testscripts.ManageNewsTest.addManageNewsNewCategory(ManageNewsTest.java:32)
at java.base/java.util.ArrayList.forEach(ArrayList.java:1596)
... Removed 25 stack frames]]>
    </failure>
  </testcase> <!-- addManageNewsNewCategory -->
  <testcase classname="testscripts.ManageNewsTest" name="searchManageNewsCategory" time="0.594">
    <failure type="java.lang.NullPointerException" message="Cannot invoke &amp;quot;pages.ManageNewsPage.clickonManageNews()&amp;quot; because &amp;quot;this.manageNewsPage&amp;quot; is null">
      <![CDATA[java.lang.NullPointerException: Cannot invoke "pages.ManageNewsPage.clickonManageNews()" because "this.manageNewsPage" is null
at testscripts.ManageNewsTest.searchManageNewsCategory(ManageNewsTest.java:53)
at java.base/java.util.ArrayList.forEach(ArrayList.java:1596)
... Removed 25 stack frames]]>
    </failure>
  </testcase> <!-- searchManageNewsCategory -->
</testsuite> <!-- Test -->
