<?xml version="1.0" encoding="UTF-8"?>
<!-- Generated by org.testng.reporters.JUnitXMLReporter -->
<testsuite ignored="2" hostname="DESKTOP-373P18S" failures="0" tests="2" name="Test" time="59.976" errors="0" timestamp="2025-03-28T09:57:52 IST">
  <testcase classname="testscripts.LoginTest" name="verifyUserCanLoginWithInValidCredentials" time="6.273"/>
  <testcase classname="testscripts.LoginTest" name="verifyUserCanLoginWithEmptyCredentials" time="4.286"/>
  <testcase classname="testscripts.LoginTest" name="verifyUserCanLoginWithValidUsernameInValidPassword" time="0.0">
    <ignored/>
  </testcase> <!-- verifyUserCanLoginWithValidUsernameInValidPassword -->
  <testcase classname="testscripts.LoginTest" name="verifyUserCanLoginWithValidCredentials" time="0.0">
    <ignored/>
  </testcase> <!-- verifyUserCanLoginWithValidCredentials -->
</testsuite> <!-- Test -->
